#
# There is insufficient memory for the Java Runtime Environment to continue.
# Native memory allocation (malloc) failed to allocate 305296 bytes. Error detail: Chunk::new
# Possible reasons:
#   The system is out of physical RAM or swap space
#   This process is running with CompressedOops enabled, and the Java Heap may be blocking the growth of the native heap
# Possible solutions:
#   Reduce memory load on the system
#   Increase physical memory or swap space
#   Check if swap backing store is full
#   Decrease Java heap size (-Xmx/-Xms)
#   Decrease number of Java threads
#   Decrease Java thread stack sizes (-Xss)
#   Set larger code cache with -XX:ReservedCodeCacheSize=
#   JVM is running with Zero Based Compressed Oops mode in which the Java heap is
#     placed in the first 32GB address space. The Java Heap base address is the
#     maximum limit for the native heap growth. Please use -XX:HeapBaseMinAddress
#     to set the Java Heap base and to place the Java Heap above 32GB virtual address.
# This output file may be truncated or incomplete.
#
#  Out of Memory Error (arena.cpp:168), pid=18464, tid=5612
#
# JRE version: OpenJDK Runtime Environment Microsoft-13106404 (21.0.10+7) (build 21.0.10+7-LTS)
# Java VM: OpenJDK 64-Bit Server VM Microsoft-13106404 (21.0.10+7-LTS, mixed mode, sharing, tiered, compressed oops, compressed class ptrs, g1 gc, windows-amd64)
# No core dump will be written. Minidumps are not enabled by default on client versions of Windows
#

---------------  S U M M A R Y ------------

Command Line: -javaagent:C:\Program Files\JetBrains\IntelliJ IDEA Community Edition 2024.2.3\lib\idea_rt.jar=57063:C:\Program Files\JetBrains\IntelliJ IDEA Community Edition 2024.2.3\bin -Dfile.encoding=UTF-8 -Dsun.stdout.encoding=UTF-8 -Dsun.stderr.encoding=UTF-8 com.homeenergy.user_service.UserServiceApplication

Host: AMD Ryzen 5 5500U with Radeon Graphics         , 12 cores, 15G,  Windows 11 , 64 bit Build 26100 (10.0.26100.8115)
Time: Thu Apr  9 16:49:31 2026 India Standard Time elapsed time: 4.818432 seconds (0d 0h 0m 4s)

---------------  T H R E A D  ---------------

Current thread (0x000002462de28240):  JavaThread "C2 CompilerThread1" daemon [_thread_in_native, id=5612, stack(0x000000e5dfd00000,0x000000e5dfe00000) (1024K)]


Current CompileTask:
C2:4818 1740       4       jdk.internal.loader.URLClassPath::getResource (74 bytes)

Stack: [0x000000e5dfd00000,0x000000e5dfe00000]
Native frames: (J=compiled Java code, j=interpreted, Vv=VM code, C=native code)
V  [jvm.dll+0x6dfe69]  (no source info available)
V  [jvm.dll+0x8bfe4b]  (no source info available)
V  [jvm.dll+0x8c23da]  (no source info available)
V  [jvm.dll+0x8c2ab3]  (no source info available)
V  [jvm.dll+0x28a9e6]  (no source info available)
V  [jvm.dll+0xc903d]  (no source info available)
V  [jvm.dll+0xc958c]  (no source info available)
V  [jvm.dll+0x301a5e]  (no source info available)
V  [jvm.dll+0x6097f7]  (no source info available)
V  [jvm.dll+0x25b9a7]  (no source info available)
V  [jvm.dll+0x253d3b]  (no source info available)
V  [jvm.dll+0x251b81]  (no source info available)
V  [jvm.dll+0x1d1adf]  (no source info available)
V  [jvm.dll+0x26195a]  (no source info available)
V  [jvm.dll+0x25fcc5]  (no source info available)
V  [jvm.dll+0x402155]  (no source info available)
V  [jvm.dll+0x86ab8d]  (no source info available)
V  [jvm.dll+0x6e141d]  (no source info available)
C  [ucrtbase.dll+0x37b0]  (no source info available)
C  [KERNEL32.DLL+0x2e8d7]  (no source info available)
C  [ntdll.dll+0x8c3fc]  (no source info available)


---------------  P R O C E S S  ---------------

Threads class SMR info:
_java_thread_list=0x0000024673ff0e00, length=14, elements={
0x000002460e870890, 0x000002462de071e0, 0x000002462de087b0, 0x000002462de0f2f0,
0x000002462de102c0, 0x000002462de13820, 0x000002462de1c290, 0x000002462de214a0,
0x000002462de27b70, 0x00000246731f32e0, 0x000002462de28240, 0x000002467341c690,
0x000002467341cd00, 0x0000024673cc99c0
}

Java Threads: ( => current thread )
  0x000002460e870890 JavaThread "main"                              [_thread_in_Java, id=19188, stack(0x000000e5dec00000,0x000000e5ded00000) (1024K)]
  0x000002462de071e0 JavaThread "Reference Handler"          daemon [_thread_blocked, id=4652, stack(0x000000e5df400000,0x000000e5df500000) (1024K)]
  0x000002462de087b0 JavaThread "Finalizer"                  daemon [_thread_blocked, id=4920, stack(0x000000e5df500000,0x000000e5df600000) (1024K)]
  0x000002462de0f2f0 JavaThread "Signal Dispatcher"          daemon [_thread_blocked, id=9956, stack(0x000000e5df600000,0x000000e5df700000) (1024K)]
  0x000002462de102c0 JavaThread "Attach Listener"            daemon [_thread_blocked, id=19108, stack(0x000000e5df700000,0x000000e5df800000) (1024K)]
  0x000002462de13820 JavaThread "Service Thread"             daemon [_thread_blocked, id=6492, stack(0x000000e5df800000,0x000000e5df900000) (1024K)]
  0x000002462de1c290 JavaThread "Monitor Deflation Thread"   daemon [_thread_blocked, id=10964, stack(0x000000e5df900000,0x000000e5dfa00000) (1024K)]
  0x000002462de214a0 JavaThread "C2 CompilerThread0"         daemon [_thread_blocked, id=1956, stack(0x000000e5dfa00000,0x000000e5dfb00000) (1024K)]
  0x000002462de27b70 JavaThread "C1 CompilerThread0"         daemon [_thread_blocked, id=15696, stack(0x000000e5dfb00000,0x000000e5dfc00000) (1024K)]
  0x00000246731f32e0 JavaThread "Common-Cleaner"             daemon [_thread_blocked, id=15464, stack(0x000000e5dfc00000,0x000000e5dfd00000) (1024K)]
=>0x000002462de28240 JavaThread "C2 CompilerThread1"         daemon [_thread_in_native, id=5612, stack(0x000000e5dfd00000,0x000000e5dfe00000) (1024K)]
  0x000002467341c690 JavaThread "Monitor Ctrl-Break"         daemon [_thread_in_native, id=1348, stack(0x000000e5dfe00000,0x000000e5dff00000) (1024K)]
  0x000002467341cd00 JavaThread "Notification Thread"        daemon [_thread_blocked, id=19328, stack(0x000000e5dff00000,0x000000e5e0000000) (1024K)]
  0x0000024673cc99c0 JavaThread "background-preinit"                [_thread_in_native, id=7464, stack(0x000000e5e0500000,0x000000e5e0600000) (1024K)]
Total: 14

Other Threads:
  0x000002462dde9710 VMThread "VM Thread"                           [id=10500, stack(0x000000e5df300000,0x000000e5df400000) (1024K)]
  0x000002462ddd6e70 WatcherThread "VM Periodic Task Thread"        [id=16452, stack(0x000000e5df200000,0x000000e5df300000) (1024K)]
  0x000002460e8d7770 WorkerThread "GC Thread#0"                     [id=10708, stack(0x000000e5ded00000,0x000000e5dee00000) (1024K)]
  0x0000024673947160 WorkerThread "GC Thread#1"                     [id=16912, stack(0x000000e5e0000000,0x000000e5e0100000) (1024K)]
  0x0000024673947510 WorkerThread "GC Thread#2"                     [id=8768, stack(0x000000e5e0100000,0x000000e5e0200000) (1024K)]
  0x00000246737e00d0 WorkerThread "GC Thread#3"                     [id=18376, stack(0x000000e5e0200000,0x000000e5e0300000) (1024K)]
  0x00000246737e0480 WorkerThread "GC Thread#4"                     [id=2908, stack(0x000000e5e0300000,0x000000e5e0400000) (1024K)]
  0x00000246736ee8c0 WorkerThread "GC Thread#5"                     [id=8604, stack(0x000000e5e0400000,0x000000e5e0500000) (1024K)]
  0x000002460e8e7ca0 ConcurrentGCThread "G1 Main Marker"            [id=7736, stack(0x000000e5dee00000,0x000000e5def00000) (1024K)]
  0x000002460e8e9630 WorkerThread "G1 Conc#0"                       [id=4100, stack(0x000000e5def00000,0x000000e5df000000) (1024K)]
  0x000002462dca8c60 ConcurrentGCThread "G1 Refine#0"               [id=13140, stack(0x000000e5df000000,0x000000e5df100000) (1024K)]
  0x000002462dca9490 ConcurrentGCThread "G1 Service"                [id=18984, stack(0x000000e5df100000,0x000000e5df200000) (1024K)]
Total: 12

Threads with active compile tasks:
C2 CompilerThread1  4840 1740       4       jdk.internal.loader.URLClassPath::getResource (74 bytes)
Total: 1

VM state: not at safepoint (normal execution)

VM Mutex/Monitor currently owned by a thread: None

Heap address: 0x000000070ac00000, size: 3924 MB, Compressed Oops mode: Zero based, Oop shift amount: 3

CDS archive(s) mapped at: [0x000002462e000000-0x000002462ec80000-0x000002462ec80000), size 13107200, SharedBaseAddress: 0x000002462e000000, ArchiveRelocationMode: 1.
Compressed class space mapped at: 0x000002462f000000-0x000002466f000000, reserved size: 1073741824
Narrow klass base: 0x000002462e000000, Narrow klass shift: 0, Narrow klass range: 0x100000000

GC Precious Log:
 CardTable entry size: 512
 Card Set container configuration: InlinePtr #cards 4 size 8 Array Of Cards #cards 16 size 48 Howl #buckets 8 coarsen threshold 3686 Howl Bitmap #cards 512 size 80 coarsen threshold 460 Card regions per heap region 1 cards per card region 4096
 CPUs: 12 total, 12 available
 Memory: 15693M
 Large Page Support: Disabled
 NUMA Support: Disabled
 Compressed Oops: Enabled (Zero based)
 Heap Region Size: 2M
 Heap Min Capacity: 8M
 Heap Initial Capacity: 246M
 Heap Max Capacity: 3924M
 Pre-touch: Disabled
 Parallel Workers: 10
 Concurrent Workers: 3
 Concurrent Refinement Workers: 10
 Periodic GC: Disabled

Heap:
 garbage-first heap   total 251904K, used 21168K [0x000000070ac00000, 0x0000000800000000)
  region size 2048K, 10 young (20480K), 2 survivors (4096K)
 Metaspace       used 9724K, committed 10048K, reserved 1114112K
  class space    used 1258K, committed 1408K, reserved 1048576K

Heap Regions: E=young(eden), S=young(survivor), O=old, HS=humongous(starts), HC=humongous(continues), CS=collection set, F=free, TAMS=top-at-mark-start, PB=parsable bottom
|   0|0x000000070ac00000, 0x000000070ae00000, 0x000000070ae00000|100%| O|  |TAMS 0x000000070ac00000| PB 0x000000070ac00000| Untracked 
|   1|0x000000070ae00000, 0x000000070aeac000, 0x000000070b000000| 33%| O|  |TAMS 0x000000070ae00000| PB 0x000000070ae00000| Untracked 
|   2|0x000000070b000000, 0x000000070b000000, 0x000000070b200000|  0%| F|  |TAMS 0x000000070b000000| PB 0x000000070b000000| Untracked 
|   3|0x000000070b200000, 0x000000070b200000, 0x000000070b400000|  0%| F|  |TAMS 0x000000070b200000| PB 0x000000070b200000| Untracked 
|   4|0x000000070b400000, 0x000000070b400000, 0x000000070b600000|  0%| F|  |TAMS 0x000000070b400000| PB 0x000000070b400000| Untracked 
|   5|0x000000070b600000, 0x000000070b600000, 0x000000070b800000|  0%| F|  |TAMS 0x000000070b600000| PB 0x000000070b600000| Untracked 
|   6|0x000000070b800000, 0x000000070b800000, 0x000000070ba00000|  0%| F|  |TAMS 0x000000070b800000| PB 0x000000070b800000| Untracked 
|   7|0x000000070ba00000, 0x000000070ba00000, 0x000000070bc00000|  0%| F|  |TAMS 0x000000070ba00000| PB 0x000000070ba00000| Untracked 
|   8|0x000000070bc00000, 0x000000070bc00000, 0x000000070be00000|  0%| F|  |TAMS 0x000000070bc00000| PB 0x000000070bc00000| Untracked 
|   9|0x000000070be00000, 0x000000070be00000, 0x000000070c000000|  0%| F|  |TAMS 0x000000070be00000| PB 0x000000070be00000| Untracked 
|  10|0x000000070c000000, 0x000000070c000000, 0x000000070c200000|  0%| F|  |TAMS 0x000000070c000000| PB 0x000000070c000000| Untracked 
|  11|0x000000070c200000, 0x000000070c200000, 0x000000070c400000|  0%| F|  |TAMS 0x000000070c200000| PB 0x000000070c200000| Untracked 
|  12|0x000000070c400000, 0x000000070c400000, 0x000000070c600000|  0%| F|  |TAMS 0x000000070c400000| PB 0x000000070c400000| Untracked 
|  13|0x000000070c600000, 0x000000070c600000, 0x000000070c800000|  0%| F|  |TAMS 0x000000070c600000| PB 0x000000070c600000| Untracked 
|  14|0x000000070c800000, 0x000000070c800000, 0x000000070ca00000|  0%| F|  |TAMS 0x000000070c800000| PB 0x000000070c800000| Untracked 
|  15|0x000000070ca00000, 0x000000070ca00000, 0x000000070cc00000|  0%| F|  |TAMS 0x000000070ca00000| PB 0x000000070ca00000| Untracked 
|  16|0x000000070cc00000, 0x000000070cc00000, 0x000000070ce00000|  0%| F|  |TAMS 0x000000070cc00000| PB 0x000000070cc00000| Untracked 
|  17|0x000000070ce00000, 0x000000070ce00000, 0x000000070d000000|  0%| F|  |TAMS 0x000000070ce00000| PB 0x000000070ce00000| Untracked 
|  18|0x000000070d000000, 0x000000070d000000, 0x000000070d200000|  0%| F|  |TAMS 0x000000070d000000| PB 0x000000070d000000| Untracked 
|  19|0x000000070d200000, 0x000000070d200000, 0x000000070d400000|  0%| F|  |TAMS 0x000000070d200000| PB 0x000000070d200000| Untracked 
|  20|0x000000070d400000, 0x000000070d400000, 0x000000070d600000|  0%| F|  |TAMS 0x000000070d400000| PB 0x000000070d400000| Untracked 
|  21|0x000000070d600000, 0x000000070d600000, 0x000000070d800000|  0%| F|  |TAMS 0x000000070d600000| PB 0x000000070d600000| Untracked 
|  22|0x000000070d800000, 0x000000070d800000, 0x000000070da00000|  0%| F|  |TAMS 0x000000070d800000| PB 0x000000070d800000| Untracked 
|  23|0x000000070da00000, 0x000000070da00000, 0x000000070dc00000|  0%| F|  |TAMS 0x000000070da00000| PB 0x000000070da00000| Untracked 
|  24|0x000000070dc00000, 0x000000070dc00000, 0x000000070de00000|  0%| F|  |TAMS 0x000000070dc00000| PB 0x000000070dc00000| Untracked 
|  25|0x000000070de00000, 0x000000070de00000, 0x000000070e000000|  0%| F|  |TAMS 0x000000070de00000| PB 0x000000070de00000| Untracked 
|  26|0x000000070e000000, 0x000000070e000000, 0x000000070e200000|  0%| F|  |TAMS 0x000000070e000000| PB 0x000000070e000000| Untracked 
|  27|0x000000070e200000, 0x000000070e200000, 0x000000070e400000|  0%| F|  |TAMS 0x000000070e200000| PB 0x000000070e200000| Untracked 
|  28|0x000000070e400000, 0x000000070e400000, 0x000000070e600000|  0%| F|  |TAMS 0x000000070e400000| PB 0x000000070e400000| Untracked 
|  29|0x000000070e600000, 0x000000070e600000, 0x000000070e800000|  0%| F|  |TAMS 0x000000070e600000| PB 0x000000070e600000| Untracked 
|  30|0x000000070e800000, 0x000000070e800000, 0x000000070ea00000|  0%| F|  |TAMS 0x000000070e800000| PB 0x000000070e800000| Untracked 
|  31|0x000000070ea00000, 0x000000070ea00000, 0x000000070ec00000|  0%| F|  |TAMS 0x000000070ea00000| PB 0x000000070ea00000| Untracked 
|  32|0x000000070ec00000, 0x000000070ec00000, 0x000000070ee00000|  0%| F|  |TAMS 0x000000070ec00000| PB 0x000000070ec00000| Untracked 
|  33|0x000000070ee00000, 0x000000070ee00000, 0x000000070f000000|  0%| F|  |TAMS 0x000000070ee00000| PB 0x000000070ee00000| Untracked 
|  34|0x000000070f000000, 0x000000070f000000, 0x000000070f200000|  0%| F|  |TAMS 0x000000070f000000| PB 0x000000070f000000| Untracked 
|  35|0x000000070f200000, 0x000000070f200000, 0x000000070f400000|  0%| F|  |TAMS 0x000000070f200000| PB 0x000000070f200000| Untracked 
|  36|0x000000070f400000, 0x000000070f400000, 0x000000070f600000|  0%| F|  |TAMS 0x000000070f400000| PB 0x000000070f400000| Untracked 
|  37|0x000000070f600000, 0x000000070f600000, 0x000000070f800000|  0%| F|  |TAMS 0x000000070f600000| PB 0x000000070f600000| Untracked 
|  38|0x000000070f800000, 0x000000070f800000, 0x000000070fa00000|  0%| F|  |TAMS 0x000000070f800000| PB 0x000000070f800000| Untracked 
|  39|0x000000070fa00000, 0x000000070fa00000, 0x000000070fc00000|  0%| F|  |TAMS 0x000000070fa00000| PB 0x000000070fa00000| Untracked 
|  40|0x000000070fc00000, 0x000000070fc00000, 0x000000070fe00000|  0%| F|  |TAMS 0x000000070fc00000| PB 0x000000070fc00000| Untracked 
|  41|0x000000070fe00000, 0x000000070fe00000, 0x0000000710000000|  0%| F|  |TAMS 0x000000070fe00000| PB 0x000000070fe00000| Untracked 
|  42|0x0000000710000000, 0x0000000710000000, 0x0000000710200000|  0%| F|  |TAMS 0x0000000710000000| PB 0x0000000710000000| Untracked 
|  43|0x0000000710200000, 0x0000000710200000, 0x0000000710400000|  0%| F|  |TAMS 0x0000000710200000| PB 0x0000000710200000| Untracked 
|  44|0x0000000710400000, 0x0000000710400000, 0x0000000710600000|  0%| F|  |TAMS 0x0000000710400000| PB 0x0000000710400000| Untracked 
|  45|0x0000000710600000, 0x0000000710600000, 0x0000000710800000|  0%| F|  |TAMS 0x0000000710600000| PB 0x0000000710600000| Untracked 
|  46|0x0000000710800000, 0x0000000710800000, 0x0000000710a00000|  0%| F|  |TAMS 0x0000000710800000| PB 0x0000000710800000| Untracked 
|  47|0x0000000710a00000, 0x0000000710a00000, 0x0000000710c00000|  0%| F|  |TAMS 0x0000000710a00000| PB 0x0000000710a00000| Untracked 
|  48|0x0000000710c00000, 0x0000000710c00000, 0x0000000710e00000|  0%| F|  |TAMS 0x0000000710c00000| PB 0x0000000710c00000| Untracked 
|  49|0x0000000710e00000, 0x0000000710e00000, 0x0000000711000000|  0%| F|  |TAMS 0x0000000710e00000| PB 0x0000000710e00000| Untracked 
|  50|0x0000000711000000, 0x0000000711000000, 0x0000000711200000|  0%| F|  |TAMS 0x0000000711000000| PB 0x0000000711000000| Untracked 
|  51|0x0000000711200000, 0x0000000711200000, 0x0000000711400000|  0%| F|  |TAMS 0x0000000711200000| PB 0x0000000711200000| Untracked 
|  52|0x0000000711400000, 0x0000000711400000, 0x0000000711600000|  0%| F|  |TAMS 0x0000000711400000| PB 0x0000000711400000| Untracked 
|  53|0x0000000711600000, 0x0000000711600000, 0x0000000711800000|  0%| F|  |TAMS 0x0000000711600000| PB 0x0000000711600000| Untracked 
|  54|0x0000000711800000, 0x0000000711800000, 0x0000000711a00000|  0%| F|  |TAMS 0x0000000711800000| PB 0x0000000711800000| Untracked 
|  55|0x0000000711a00000, 0x0000000711a00000, 0x0000000711c00000|  0%| F|  |TAMS 0x0000000711a00000| PB 0x0000000711a00000| Untracked 
|  56|0x0000000711c00000, 0x0000000711c00000, 0x0000000711e00000|  0%| F|  |TAMS 0x0000000711c00000| PB 0x0000000711c00000| Untracked 
|  57|0x0000000711e00000, 0x0000000711e00000, 0x0000000712000000|  0%| F|  |TAMS 0x0000000711e00000| PB 0x0000000711e00000| Untracked 
|  58|0x0000000712000000, 0x0000000712000000, 0x0000000712200000|  0%| F|  |TAMS 0x0000000712000000| PB 0x0000000712000000| Untracked 
|  59|0x0000000712200000, 0x0000000712200000, 0x0000000712400000|  0%| F|  |TAMS 0x0000000712200000| PB 0x0000000712200000| Untracked 
|  60|0x0000000712400000, 0x0000000712400000, 0x0000000712600000|  0%| F|  |TAMS 0x0000000712400000| PB 0x0000000712400000| Untracked 
|  61|0x0000000712600000, 0x0000000712600000, 0x0000000712800000|  0%| F|  |TAMS 0x0000000712600000| PB 0x0000000712600000| Untracked 
|  62|0x0000000712800000, 0x0000000712800000, 0x0000000712a00000|  0%| F|  |TAMS 0x0000000712800000| PB 0x0000000712800000| Untracked 
|  63|0x0000000712a00000, 0x0000000712a00000, 0x0000000712c00000|  0%| F|  |TAMS 0x0000000712a00000| PB 0x0000000712a00000| Untracked 
|  64|0x0000000712c00000, 0x0000000712c00000, 0x0000000712e00000|  0%| F|  |TAMS 0x0000000712c00000| PB 0x0000000712c00000| Untracked 
|  65|0x0000000712e00000, 0x0000000712e00000, 0x0000000713000000|  0%| F|  |TAMS 0x0000000712e00000| PB 0x0000000712e00000| Untracked 
|  66|0x0000000713000000, 0x0000000713000000, 0x0000000713200000|  0%| F|  |TAMS 0x0000000713000000| PB 0x0000000713000000| Untracked 
|  67|0x0000000713200000, 0x0000000713200000, 0x0000000713400000|  0%| F|  |TAMS 0x0000000713200000| PB 0x0000000713200000| Untracked 
|  68|0x0000000713400000, 0x0000000713400000, 0x0000000713600000|  0%| F|  |TAMS 0x0000000713400000| PB 0x0000000713400000| Untracked 
|  69|0x0000000713600000, 0x0000000713600000, 0x0000000713800000|  0%| F|  |TAMS 0x0000000713600000| PB 0x0000000713600000| Untracked 
|  70|0x0000000713800000, 0x0000000713800000, 0x0000000713a00000|  0%| F|  |TAMS 0x0000000713800000| PB 0x0000000713800000| Untracked 
|  71|0x0000000713a00000, 0x0000000713a00000, 0x0000000713c00000|  0%| F|  |TAMS 0x0000000713a00000| PB 0x0000000713a00000| Untracked 
|  72|0x0000000713c00000, 0x0000000713c00000, 0x0000000713e00000|  0%| F|  |TAMS 0x0000000713c00000| PB 0x0000000713c00000| Untracked 
|  73|0x0000000713e00000, 0x0000000713e00000, 0x0000000714000000|  0%| F|  |TAMS 0x0000000713e00000| PB 0x0000000713e00000| Untracked 
|  74|0x0000000714000000, 0x0000000714000000, 0x0000000714200000|  0%| F|  |TAMS 0x0000000714000000| PB 0x0000000714000000| Untracked 
|  75|0x0000000714200000, 0x0000000714200000, 0x0000000714400000|  0%| F|  |TAMS 0x0000000714200000| PB 0x0000000714200000| Untracked 
|  76|0x0000000714400000, 0x0000000714400000, 0x0000000714600000|  0%| F|  |TAMS 0x0000000714400000| PB 0x0000000714400000| Untracked 
|  77|0x0000000714600000, 0x0000000714600000, 0x0000000714800000|  0%| F|  |TAMS 0x0000000714600000| PB 0x0000000714600000| Untracked 
|  78|0x0000000714800000, 0x0000000714800000, 0x0000000714a00000|  0%| F|  |TAMS 0x0000000714800000| PB 0x0000000714800000| Untracked 
|  79|0x0000000714a00000, 0x0000000714a00000, 0x0000000714c00000|  0%| F|  |TAMS 0x0000000714a00000| PB 0x0000000714a00000| Untracked 
|  80|0x0000000714c00000, 0x0000000714c00000, 0x0000000714e00000|  0%| F|  |TAMS 0x0000000714c00000| PB 0x0000000714c00000| Untracked 
|  81|0x0000000714e00000, 0x0000000714e00000, 0x0000000715000000|  0%| F|  |TAMS 0x0000000714e00000| PB 0x0000000714e00000| Untracked 
|  82|0x0000000715000000, 0x0000000715000000, 0x0000000715200000|  0%| F|  |TAMS 0x0000000715000000| PB 0x0000000715000000| Untracked 
|  83|0x0000000715200000, 0x0000000715200000, 0x0000000715400000|  0%| F|  |TAMS 0x0000000715200000| PB 0x0000000715200000| Untracked 
|  84|0x0000000715400000, 0x0000000715400000, 0x0000000715600000|  0%| F|  |TAMS 0x0000000715400000| PB 0x0000000715400000| Untracked 
|  85|0x0000000715600000, 0x0000000715600000, 0x0000000715800000|  0%| F|  |TAMS 0x0000000715600000| PB 0x0000000715600000| Untracked 
|  86|0x0000000715800000, 0x0000000715800000, 0x0000000715a00000|  0%| F|  |TAMS 0x0000000715800000| PB 0x0000000715800000| Untracked 
|  87|0x0000000715a00000, 0x0000000715a00000, 0x0000000715c00000|  0%| F|  |TAMS 0x0000000715a00000| PB 0x0000000715a00000| Untracked 
|  88|0x0000000715c00000, 0x0000000715c00000, 0x0000000715e00000|  0%| F|  |TAMS 0x0000000715c00000| PB 0x0000000715c00000| Untracked 
|  89|0x0000000715e00000, 0x0000000715e00000, 0x0000000716000000|  0%| F|  |TAMS 0x0000000715e00000| PB 0x0000000715e00000| Untracked 
|  90|0x0000000716000000, 0x0000000716000000, 0x0000000716200000|  0%| F|  |TAMS 0x0000000716000000| PB 0x0000000716000000| Untracked 
|  91|0x0000000716200000, 0x0000000716200000, 0x0000000716400000|  0%| F|  |TAMS 0x0000000716200000| PB 0x0000000716200000| Untracked 
|  92|0x0000000716400000, 0x0000000716400000, 0x0000000716600000|  0%| F|  |TAMS 0x0000000716400000| PB 0x0000000716400000| Untracked 
|  93|0x0000000716600000, 0x0000000716600000, 0x0000000716800000|  0%| F|  |TAMS 0x0000000716600000| PB 0x0000000716600000| Untracked 
|  94|0x0000000716800000, 0x0000000716800000, 0x0000000716a00000|  0%| F|  |TAMS 0x0000000716800000| PB 0x0000000716800000| Untracked 
|  95|0x0000000716a00000, 0x0000000716a00000, 0x0000000716c00000|  0%| F|  |TAMS 0x0000000716a00000| PB 0x0000000716a00000| Untracked 
|  96|0x0000000716c00000, 0x0000000716c00000, 0x0000000716e00000|  0%| F|  |TAMS 0x0000000716c00000| PB 0x0000000716c00000| Untracked 
|  97|0x0000000716e00000, 0x0000000716e00000, 0x0000000717000000|  0%| F|  |TAMS 0x0000000716e00000| PB 0x0000000716e00000| Untracked 
|  98|0x0000000717000000, 0x0000000717000000, 0x0000000717200000|  0%| F|  |TAMS 0x0000000717000000| PB 0x0000000717000000| Untracked 
|  99|0x0000000717200000, 0x0000000717200000, 0x0000000717400000|  0%| F|  |TAMS 0x0000000717200000| PB 0x0000000717200000| Untracked 
| 100|0x0000000717400000, 0x0000000717400000, 0x0000000717600000|  0%| F|  |TAMS 0x0000000717400000| PB 0x0000000717400000| Untracked 
| 101|0x0000000717600000, 0x0000000717600000, 0x0000000717800000|  0%| F|  |TAMS 0x0000000717600000| PB 0x0000000717600000| Untracked 
| 102|0x0000000717800000, 0x0000000717800000, 0x0000000717a00000|  0%| F|  |TAMS 0x0000000717800000| PB 0x0000000717800000| Untracked 
| 103|0x0000000717a00000, 0x0000000717a00000, 0x0000000717c00000|  0%| F|  |TAMS 0x0000000717a00000| PB 0x0000000717a00000| Untracked 
| 104|0x0000000717c00000, 0x0000000717c00000, 0x0000000717e00000|  0%| F|  |TAMS 0x0000000717c00000| PB 0x0000000717c00000| Untracked 
| 105|0x0000000717e00000, 0x0000000717e00000, 0x0000000718000000|  0%| F|  |TAMS 0x0000000717e00000| PB 0x0000000717e00000| Untracked 
| 106|0x0000000718000000, 0x0000000718000000, 0x0000000718200000|  0%| F|  |TAMS 0x0000000718000000| PB 0x0000000718000000| Untracked 
| 107|0x0000000718200000, 0x0000000718200000, 0x0000000718400000|  0%| F|  |TAMS 0x0000000718200000| PB 0x0000000718200000| Untracked 
| 108|0x0000000718400000, 0x0000000718400000, 0x0000000718600000|  0%| F|  |TAMS 0x0000000718400000| PB 0x0000000718400000| Untracked 
| 109|0x0000000718600000, 0x0000000718600000, 0x0000000718800000|  0%| F|  |TAMS 0x0000000718600000| PB 0x0000000718600000| Untracked 
| 110|0x0000000718800000, 0x0000000718a00000, 0x0000000718a00000|100%| S|CS|TAMS 0x0000000718800000| PB 0x0000000718800000| Complete 
| 111|0x0000000718a00000, 0x0000000718c00000, 0x0000000718c00000|100%| S|CS|TAMS 0x0000000718a00000| PB 0x0000000718a00000| Complete 
| 112|0x0000000718c00000, 0x0000000718c00000, 0x0000000718e00000|  0%| F|  |TAMS 0x0000000718c00000| PB 0x0000000718c00000| Untracked 
| 113|0x0000000718e00000, 0x0000000718e00000, 0x0000000719000000|  0%| F|  |TAMS 0x0000000718e00000| PB 0x0000000718e00000| Untracked 
| 114|0x0000000719000000, 0x0000000719000000, 0x0000000719200000|  0%| F|  |TAMS 0x0000000719000000| PB 0x0000000719000000| Untracked 
| 115|0x0000000719200000, 0x0000000719266ec0, 0x0000000719400000| 20%| E|  |TAMS 0x0000000719200000| PB 0x0000000719200000| Complete 
| 116|0x0000000719400000, 0x0000000719600000, 0x0000000719600000|100%| E|CS|TAMS 0x0000000719400000| PB 0x0000000719400000| Complete 
| 117|0x0000000719600000, 0x0000000719800000, 0x0000000719800000|100%| E|CS|TAMS 0x0000000719600000| PB 0x0000000719600000| Complete 
| 118|0x0000000719800000, 0x0000000719a00000, 0x0000000719a00000|100%| E|CS|TAMS 0x0000000719800000| PB 0x0000000719800000| Complete 
| 119|0x0000000719a00000, 0x0000000719c00000, 0x0000000719c00000|100%| E|CS|TAMS 0x0000000719a00000| PB 0x0000000719a00000| Complete 
| 120|0x0000000719c00000, 0x0000000719e00000, 0x0000000719e00000|100%| E|CS|TAMS 0x0000000719c00000| PB 0x0000000719c00000| Complete 
| 121|0x0000000719e00000, 0x000000071a000000, 0x000000071a000000|100%| E|CS|TAMS 0x0000000719e00000| PB 0x0000000719e00000| Complete 
| 122|0x000000071a000000, 0x000000071a200000, 0x000000071a200000|100%| E|CS|TAMS 0x000000071a000000| PB 0x000000071a000000| Complete 

Card table byte_map: [0x0000024626c90000,0x0000024627440000] _byte_map_base: 0x000002462343a000

Marking Bits: (CMBitMap*) 0x000002460e8d7e80
 Bits: [0x0000024627440000, 0x000002462b190000)

Polling page: 0x000002460c630000

Metaspace:

Usage:
  Non-class:      8.32 MB used.
      Class:      1.23 MB used.
       Both:      9.55 MB used.

Virtual space:
  Non-class space:       64.00 MB reserved,       8.50 MB ( 13%) committed,  1 nodes.
      Class space:        1.00 GB reserved,       1.38 MB ( <1%) committed,  1 nodes.
             Both:        1.06 GB reserved,       9.88 MB ( <1%) committed. 

Chunk freelists:
   Non-Class:  6.95 MB
       Class:  14.50 MB
        Both:  21.45 MB

MaxMetaspaceSize: unlimited
CompressedClassSpaceSize: 1.00 GB
Initial GC threshold: 21.00 MB
Current GC threshold: 21.00 MB
CDS: on
 - commit_granule_bytes: 65536.
 - commit_granule_words: 8192.
 - virtual_space_node_default_size: 8388608.
 - enlarge_chunks_in_place: 1.
 - use_allocation_guard: 0.


Internal statistics:

num_allocs_failed_limit: 0.
num_arena_births: 368.
num_arena_deaths: 0.
num_vsnodes_births: 2.
num_vsnodes_deaths: 0.
num_space_committed: 158.
num_space_uncommitted: 0.
num_chunks_returned_to_freelist: 0.
num_chunks_taken_from_freelist: 726.
num_chunk_merges: 0.
num_chunk_splits: 441.
num_chunks_enlarged: 261.
num_inconsistent_stats: 0.

CodeHeap 'non-profiled nmethods': size=120000Kb used=622Kb max_used=622Kb free=119377Kb
 bounds [0x000002461ea60000, 0x000002461ecd0000, 0x0000024625f90000]
CodeHeap 'profiled nmethods': size=120000Kb used=3126Kb max_used=3126Kb free=116873Kb
 bounds [0x0000024616f90000, 0x00000246172a0000, 0x000002461e4c0000]
CodeHeap 'non-nmethods': size=5760Kb used=1325Kb max_used=1351Kb free=4434Kb
 bounds [0x000002461e4c0000, 0x000002461e730000, 0x000002461ea60000]
CodeCache: size=245760Kb, used=5073Kb, max_used=5099Kb, free=240684Kb
 total_blobs=2241, nmethods=1755, adapters=390, full_count=0
Compilation: enabled, stopped_count=0, restarted_count=0

Compilation events (20 events):
Event: 1.756 Thread 0x000002462de27b70 1735       3       java.util.BitSet::wordIndex (5 bytes)
Event: 1.756 Thread 0x000002462de27b70 nmethod 1735 0x0000024617287490 code [0x0000024617287620, 0x0000024617287710]
Event: 1.756 Thread 0x000002462de27b70 1736       3       java.util.BitSet::checkInvariants (111 bytes)
Event: 1.756 Thread 0x000002462de27b70 nmethod 1736 0x0000024617287790 code [0x0000024617287940, 0x0000024617287a78]
Event: 1.756 Thread 0x000002462de27b70 1737       3       java.util.BitSet::get (69 bytes)
Event: 1.757 Thread 0x000002462de27b70 nmethod 1737 0x0000024617287b10 code [0x0000024617287d60, 0x00000246172884f8]
Event: 1.757 Thread 0x000002462de27b70 1738       3       java.lang.invoke.MethodType::methodType (21 bytes)
Event: 1.757 Thread 0x000002462de27b70 nmethod 1738 0x0000024617288890 code [0x0000024617288a60, 0x0000024617288c30]
Event: 1.761 Thread 0x000002462de27b70 1739       3       ch.qos.logback.classic.util.LoggerNameUtil::getSeparatorIndexOf (53 bytes)
Event: 1.761 Thread 0x000002462de27b70 nmethod 1739 0x0000024617288d10 code [0x0000024617288ee0, 0x00000246172891d8]
Event: 1.765 Thread 0x000002462de28240 nmethod 1713 0x000002461eaf6190 code [0x000002461eaf6fc0, 0x000002461eaf9560]
Event: 2.794 Thread 0x000002462de28240 1740       4       jdk.internal.loader.URLClassPath::getResource (74 bytes)
Event: 2.799 Thread 0x000002462de27b70 1741       3       java.lang.invoke.MethodHandles$Lookup::lookupClassProtectionDomain (29 bytes)
Event: 2.799 Thread 0x000002462de27b70 nmethod 1741 0x0000024617289310 code [0x0000024617289500, 0x0000024617289958]
Event: 2.799 Thread 0x000002462de27b70 1742       3       java.lang.System$2::protectionDomain (5 bytes)
Event: 2.799 Thread 0x000002462de27b70 nmethod 1742 0x0000024617289b10 code [0x0000024617289ce0, 0x0000024617289f70]
Event: 2.799 Thread 0x000002462de27b70 1743       3       jdk.internal.org.objectweb.asm.SymbolTable::<init> (41 bytes)
Event: 2.799 Thread 0x000002462de27b70 nmethod 1743 0x000002461728a090 code [0x000002461728a260, 0x000002461728a7e8]
Event: 3.803 Thread 0x000002462de27b70 1744       3       java.util.Properties$LineReader::readLine (584 bytes)
Event: 3.804 Thread 0x000002462de214a0 1745       4       jdk.internal.jimage.ImageLocation::readValue (61 bytes)

GC Heap History (2 events):
Event: 1.357 GC heap before
{Heap before GC invocations=0 (full 0):
 garbage-first heap   total 251904K, used 20480K [0x000000070ac00000, 0x0000000800000000)
  region size 2048K, 11 young (22528K), 0 survivors (0K)
 Metaspace       used 5608K, committed 5760K, reserved 1114112K
  class space    used 642K, committed 704K, reserved 1048576K
}
Event: 1.361 GC heap after
{Heap after GC invocations=1 (full 0):
 garbage-first heap   total 251904K, used 6832K [0x000000070ac00000, 0x0000000800000000)
  region size 2048K, 2 young (4096K), 2 survivors (4096K)
 Metaspace       used 5608K, committed 5760K, reserved 1114112K
  class space    used 642K, committed 704K, reserved 1048576K
}

Dll operation events (10 events):
Event: 0.010 Loaded shared library C:\Users\mmmma\.jdks\ms-21.0.10\bin\java.dll
Event: 0.047 Loaded shared library C:\Users\mmmma\.jdks\ms-21.0.10\bin\jsvml.dll
Event: 0.134 Loaded shared library C:\Users\mmmma\.jdks\ms-21.0.10\bin\zip.dll
Event: 0.137 Loaded shared library C:\Users\mmmma\.jdks\ms-21.0.10\bin\instrument.dll
Event: 0.143 Loaded shared library C:\Users\mmmma\.jdks\ms-21.0.10\bin\net.dll
Event: 0.145 Loaded shared library C:\Users\mmmma\.jdks\ms-21.0.10\bin\nio.dll
Event: 0.147 Loaded shared library C:\Users\mmmma\.jdks\ms-21.0.10\bin\zip.dll
Event: 0.213 Loaded shared library C:\Program Files\JetBrains\IntelliJ IDEA Community Edition 2024.2.3\bin\breakgen64.dll
Event: 0.221 Loaded shared library C:\Users\mmmma\.jdks\ms-21.0.10\bin\extnet.dll
Event: 0.254 Loaded shared library C:\Users\mmmma\.jdks\ms-21.0.10\bin\jimage.dll

Deoptimization events (20 events):
Event: 1.225 Thread 0x000002460e870890 DEOPT PACKING pc=0x000002461ea713e8 sp=0x000000e5decfda10
Event: 1.225 Thread 0x000002460e870890 DEOPT UNPACKING pc=0x000002461e514422 sp=0x000000e5decfd9d0 mode 2
Event: 1.235 Thread 0x000002460e870890 Uncommon trap: trap_request=0xffffff45 fr.pc=0x000002461ea7196c relative=0x0000000000000a8c
Event: 1.235 Thread 0x000002460e870890 Uncommon trap: reason=unstable_if action=reinterpret pc=0x000002461ea7196c method=java.util.HashMap.putVal(ILjava/lang/Object;Ljava/lang/Object;ZZ)Ljava/lang/Object; @ 181 c2
Event: 1.235 Thread 0x000002460e870890 DEOPT PACKING pc=0x000002461ea7196c sp=0x000000e5decfe260
Event: 1.235 Thread 0x000002460e870890 DEOPT UNPACKING pc=0x000002461e514422 sp=0x000000e5decfe220 mode 2
Event: 1.242 Thread 0x000002460e870890 Uncommon trap: trap_request=0xffffff45 fr.pc=0x000002461eab8880 relative=0x0000000000000160
Event: 1.242 Thread 0x000002460e870890 Uncommon trap: reason=unstable_if action=reinterpret pc=0x000002461eab8880 method=java.util.concurrent.locks.ReentrantLock$NonfairSync.initialTryLock()Z @ 10 c2
Event: 1.242 Thread 0x000002460e870890 DEOPT PACKING pc=0x000002461eab8880 sp=0x000000e5decfe710
Event: 1.242 Thread 0x000002460e870890 DEOPT UNPACKING pc=0x000002461e514422 sp=0x000000e5decfe6b8 mode 2
Event: 1.301 Thread 0x000002460e870890 DEOPT PACKING pc=0x0000024617028a45 sp=0x000000e5decfe1f0
Event: 1.301 Thread 0x000002460e870890 DEOPT UNPACKING pc=0x000002461e514bc2 sp=0x000000e5decfd6f8 mode 0
Event: 1.522 Thread 0x000002460e870890 Uncommon trap: trap_request=0xffffff6e fr.pc=0x000002461eaa384c relative=0x000000000000040c
Event: 1.522 Thread 0x000002460e870890 Uncommon trap: reason=loop_limit_check action=maybe_recompile pc=0x000002461eaa384c method=java.lang.StringLatin1.indexOf([BI[BII)I @ 37 c2
Event: 1.522 Thread 0x000002460e870890 DEOPT PACKING pc=0x000002461eaa384c sp=0x000000e5decfdf80
Event: 1.522 Thread 0x000002460e870890 DEOPT UNPACKING pc=0x000002461e514422 sp=0x000000e5decfdee0 mode 2
Event: 1.542 Thread 0x000002460e870890 Uncommon trap: trap_request=0xffffff45 fr.pc=0x000002461eabf178 relative=0x0000000000000238
Event: 1.542 Thread 0x000002460e870890 Uncommon trap: reason=unstable_if action=reinterpret pc=0x000002461eabf178 method=java.lang.String.startsWith(Ljava/lang/String;I)Z @ 1 c2
Event: 1.542 Thread 0x000002460e870890 DEOPT PACKING pc=0x000002461eabf178 sp=0x000000e5decfe340
Event: 1.542 Thread 0x000002460e870890 DEOPT UNPACKING pc=0x000002461e514422 sp=0x000000e5decfe2d0 mode 2

Classes loaded (20 events):
Event: 2.797 Loading class java/io/StringReader done
Event: 2.797 Loading class org/xml/sax/SAXException
Event: 2.797 Loading class org/xml/sax/SAXException done
Event: 2.797 Loading class javax/xml/parsers/ParserConfigurationException
Event: 2.797 Loading class javax/xml/parsers/ParserConfigurationException done
Event: 2.798 Loading class org/xml/sax/EntityResolver
Event: 2.798 Loading class org/xml/sax/EntityResolver done
Event: 2.798 Loading class org/xml/sax/InputSource
Event: 2.798 Loading class org/xml/sax/InputSource done
Event: 2.798 Loading class sun/invoke/util/VerifyAccess$1
Event: 2.798 Loading class sun/invoke/util/VerifyAccess$1 done
Event: 2.799 Loading class javax/xml/transform/TransformerFactory
Event: 2.799 Loading class javax/xml/transform/TransformerFactory done
Event: 2.799 Loading class javax/xml/transform/FactoryFinder
Event: 2.799 Loading class javax/xml/transform/FactoryFinder done
Event: 2.799 Loading class jdk/xml/internal/SecuritySupport
Event: 2.799 Loading class jdk/xml/internal/SecuritySupport done
Event: 3.804 Loading class javax/xml/transform/FactoryFinder$1
Event: 3.804 Loading class javax/xml/transform/FactoryFinder$1 done
Event: 3.804 Loading class com/sun/org/apache/xalan/internal/xsltc/trax/TransformerFactoryImpl

Classes unloaded (0 events):
No events

Classes redefined (0 events):
No events

Internal exceptions (20 events):
Event: 1.554 Thread 0x000002460e870890 Exception <a 'java/lang/NoSuchMethodError'{0x0000000719dd30e8}: 'int java.lang.invoke.DirectMethodHandle$Holder.invokeStaticInit(java.lang.Object, float, float)'> (0x0000000719dd30e8) 
thrown [s\src\hotspot\share\interpreter\linkResolver.cpp, line 773]
Event: 1.555 Thread 0x000002460e870890 Exception <a 'java/lang/NoSuchMethodError'{0x0000000719dd9c80}: 'int java.lang.invoke.DirectMethodHandle$Holder.invokeStaticInit(java.lang.Object, double, double)'> (0x0000000719dd9c80) 
thrown [s\src\hotspot\share\interpreter\linkResolver.cpp, line 773]
Event: 1.555 Thread 0x000002460e870890 Exception <a 'java/lang/NoSuchMethodError'{0x0000000719dde1e8}: 'int java.lang.invoke.DirectMethodHandle$Holder.invokeStatic(java.lang.Object, long)'> (0x0000000719dde1e8) 
thrown [s\src\hotspot\share\interpreter\linkResolver.cpp, line 773]
Event: 1.559 Thread 0x000002460e870890 Exception <a 'java/lang/NoSuchMethodError'{0x0000000719a00650}: 'int java.lang.invoke.Invokers$Holder.linkToTargetMethod(java.lang.Object, java.lang.Object)'> (0x0000000719a00650) 
thrown [s\src\hotspot\share\interpreter\linkResolver.cpp, line 773]
Event: 1.577 Thread 0x000002460e870890 Exception <a 'java/lang/NoSuchMethodError'{0x0000000719a7ee00}: 'java.lang.Object java.lang.invoke.DirectMethodHandle$Holder.invokeSpecial(java.lang.Object, java.lang.Object, java.lang.Object, int, java.lang.Object)'> (0x0000000719a7ee00) 
thrown [s\src\hotspot\share\interpreter\linkResolver.cpp, line 773]
Event: 1.578 Thread 0x000002460e870890 Exception <a 'java/lang/NoSuchMethodError'{0x0000000719a867c8}: 'java.lang.Object java.lang.invoke.DirectMethodHandle$Holder.newInvokeSpecial(java.lang.Object, java.lang.Object, java.lang.Object, int, java.lang.Object)'> (0x0000000719a867c8) 
thrown [s\src\hotspot\share\interpreter\linkResolver.cpp, line 773]
Event: 1.579 Thread 0x000002460e870890 Exception <a 'java/lang/NoSuchMethodError'{0x0000000719a8dd50}: 'java.lang.Object java.lang.invoke.Invokers$Holder.linkToTargetMethod(java.lang.Object, java.lang.Object, int, java.lang.Object, java.lang.Object)'> (0x0000000719a8dd50) 
thrown [s\src\hotspot\share\interpreter\linkResolver.cpp, line 773]
Event: 1.580 Thread 0x000002460e870890 Exception <a 'java/lang/NoSuchMethodError'{0x0000000719a9c670}: 'java.lang.Object java.lang.invoke.DirectMethodHandle$Holder.newInvokeSpecial(java.lang.Object, int, java.lang.Object)'> (0x0000000719a9c670) 
thrown [s\src\hotspot\share\interpreter\linkResolver.cpp, line 773]
Event: 1.580 Thread 0x000002460e870890 Exception <a 'java/lang/NoSuchMethodError'{0x0000000719aa0fa0}: 'int java.lang.invoke.DirectMethodHandle$Holder.invokeSpecialIFC(java.lang.Object, java.lang.Object, java.lang.Object, java.lang.Object)'> (0x0000000719aa0fa0) 
thrown [s\src\hotspot\share\interpreter\linkResolver.cpp, line 773]
Event: 1.598 Thread 0x000002460e870890 Exception <a 'java/lang/NoSuchMethodError'{0x0000000719b4bfc8}: 'void java.lang.invoke.DirectMethodHandle$Holder.invokeInterface(java.lang.Object, java.lang.Object, java.lang.Object)'> (0x0000000719b4bfc8) 
thrown [s\src\hotspot\share\interpreter\linkResolver.cpp, line 773]
Event: 1.616 Thread 0x000002460e870890 Exception <a 'java/lang/NoSuchMethodError'{0x0000000719bce118}: 'void java.lang.invoke.DirectMethodHandle$Holder.invokeStaticInit(java.lang.Object, java.lang.Object, java.lang.Object)'> (0x0000000719bce118) 
thrown [s\src\hotspot\share\interpreter\linkResolver.cpp, line 773]
Event: 1.620 Thread 0x000002460e870890 Exception <a 'java/lang/NoSuchMethodError'{0x0000000719805ee8}: 'java.lang.Object java.lang.invoke.DirectMethodHandle$Holder.invokeStaticInit(java.lang.Object, int)'> (0x0000000719805ee8) 
thrown [s\src\hotspot\share\interpreter\linkResolver.cpp, line 773]
Event: 1.622 Thread 0x000002460e870890 Exception <a 'java/lang/NoSuchMethodError'{0x00000007198102c8}: 'java.lang.Object java.lang.invoke.DirectMethodHandle$Holder.invokeStatic(java.lang.Object, int, java.lang.Object)'> (0x00000007198102c8) 
thrown [s\src\hotspot\share\interpreter\linkResolver.cpp, line 773]
Event: 1.622 Thread 0x000002460e870890 Exception <a 'java/lang/NoSuchMethodError'{0x0000000719813958}: 'java.lang.Object java.lang.invoke.DirectMethodHandle$Holder.invokeStaticInit(java.lang.Object, int, java.lang.Object)'> (0x0000000719813958) 
thrown [s\src\hotspot\share\interpreter\linkResolver.cpp, line 773]
Event: 1.627 Thread 0x000002460e870890 Exception <a 'java/lang/NoSuchMethodError'{0x000000071982fcf8}: 'java.lang.Object java.lang.invoke.DirectMethodHandle$Holder.invokeVirtual(java.lang.Object, java.lang.Object, java.lang.Object)'> (0x000000071982fcf8) 
thrown [s\src\hotspot\share\interpreter\linkResolver.cpp, line 773]
Event: 1.650 Thread 0x000002460e870890 Exception <a 'java/lang/NoSuchMethodError'{0x00000007198e7ee8}: 'void java.lang.invoke.DirectMethodHandle$Holder.invokeVirtual(java.lang.Object, java.lang.Object, java.lang.Object, java.lang.Object)'> (0x00000007198e7ee8) 
thrown [s\src\hotspot\share\interpreter\linkResolver.cpp, line 773]
Event: 1.734 Thread 0x000002460e870890 Exception <a 'java/lang/NoSuchMethodError'{0x000000071971e158}: 'java.lang.Object java.lang.invoke.Invokers$Holder.invoke_MT(java.lang.Object, java.lang.Object, java.lang.Object, java.lang.Object, java.lang.Object, java.lang.Object, java.lang.Object, java.lang.Object, java.lang.Object)'> (0x000000071971e158) 
thrown [s\src\hotspot\share\interpreter\linkResolver.cpp, line 773]
Event: 1.734 Thread 0x0000024673cc99c0 Exception <a 'java/lang/NoClassDefFoundError'{0x0000000719774838}: jakarta/validation/Validation> (0x0000000719774838) 
thrown [s\src\hotspot\share\classfile\systemDictionary.cpp, line 301]
Event: 1.738 Thread 0x000002460e870890 Exception <a 'java/lang/NoSuchMethodError'{0x000000071974c1b0}: 'java.lang.reflect.Field[] java.lang.Class.getDeclaredFields(java.lang.Class)'> (0x000000071974c1b0) 
thrown [s\src\hotspot\share\interpreter\linkResolver.cpp, line 773]
Event: 1.748 Thread 0x000002460e870890 Exception <a 'java/lang/IncompatibleClassChangeError'{0x00000007197e4aa8}: Found class java.lang.Object, but interface was expected> (0x00000007197e4aa8) 
thrown [s\src\hotspot\share\interpreter\linkResolver.cpp, line 840]

ZGC Phase Switch (0 events):
No events

VM Operations (20 events):
Event: 1.163 Executing non-safepoint VM operation: HandshakeAllThreads (Deoptimize) done
Event: 1.279 Executing non-safepoint VM operation: HandshakeAllThreads (Deoptimize)
Event: 1.279 Executing non-safepoint VM operation: HandshakeAllThreads (Deoptimize) done
Event: 1.296 Executing non-safepoint VM operation: HandshakeAllThreads (Deoptimize)
Event: 1.296 Executing non-safepoint VM operation: HandshakeAllThreads (Deoptimize) done
Event: 1.357 Executing safepoint VM operation: G1CollectForAllocation (G1 Evacuation Pause)
Event: 1.361 Executing safepoint VM operation: G1CollectForAllocation (G1 Evacuation Pause) done
Event: 1.548 Executing non-safepoint VM operation: HandshakeAllThreads (Deoptimize)
Event: 1.548 Executing non-safepoint VM operation: HandshakeAllThreads (Deoptimize) done
Event: 1.722 Executing non-safepoint VM operation: HandshakeAllThreads (Deoptimize)
Event: 1.722 Executing non-safepoint VM operation: HandshakeAllThreads (Deoptimize) done
Event: 1.724 Executing non-safepoint VM operation: HandshakeAllThreads (Deoptimize)
Event: 1.724 Executing non-safepoint VM operation: HandshakeAllThreads (Deoptimize) done
Event: 1.725 Executing non-safepoint VM operation: HandshakeAllThreads (Deoptimize)
Event: 1.725 Executing non-safepoint VM operation: HandshakeAllThreads (Deoptimize) done
Event: 2.728 Executing safepoint VM operation: Cleanup
Event: 2.790 Executing safepoint VM operation: Cleanup done
Event: 3.802 Executing safepoint VM operation: Cleanup
Event: 3.802 Executing safepoint VM operation: Cleanup done
Event: 4.816 Executing safepoint VM operation: Cleanup

Memory protections (0 events):
No events

Nmethod flushes (0 events):
No events

Events (14 events):
Event: 0.026 Thread 0x000002460e870890 Thread added: 0x000002460e870890
Event: 0.045 Thread 0x000002460e870890 Thread added: 0x000002462de071e0
Event: 0.045 Thread 0x000002460e870890 Thread added: 0x000002462de087b0
Event: 0.045 Thread 0x000002460e870890 Thread added: 0x000002462de0f2f0
Event: 0.045 Thread 0x000002460e870890 Thread added: 0x000002462de102c0
Event: 0.045 Thread 0x000002460e870890 Thread added: 0x000002462de13820
Event: 0.045 Thread 0x000002460e870890 Thread added: 0x000002462de1c290
Event: 0.046 Thread 0x000002460e870890 Thread added: 0x000002462de214a0
Event: 0.046 Thread 0x000002460e870890 Thread added: 0x000002462de27b70
Event: 0.140 Thread 0x000002460e870890 Thread added: 0x00000246731f32e0
Event: 0.164 Thread 0x000002462de214a0 Thread added: 0x000002462de28240
Event: 0.214 Thread 0x000002460e870890 Thread added: 0x000002467341c690
Event: 0.214 Thread 0x000002460e870890 Thread added: 0x000002467341cd00
Event: 1.732 Thread 0x000002460e870890 Thread added: 0x0000024673cc99c0


Dynamic libraries:
0x00007ff7ebe00000 - 0x00007ff7ebe0e000 	C:\Users\mmmma\.jdks\ms-21.0.10\bin\java.exe
0x00007ffe4f3c0000 - 0x00007ffe4f627000 	C:\WINDOWS\SYSTEM32\ntdll.dll
0x00007ffe4d1b0000 - 0x00007ffe4d279000 	C:\WINDOWS\System32\KERNEL32.DLL
0x00007ffe4bc90000 - 0x00007ffe4c084000 	C:\WINDOWS\System32\KERNELBASE.dll
0x00007ffe4cd20000 - 0x00007ffe4ce6b000 	C:\WINDOWS\System32\ucrtbase.dll
0x00007ffe472f0000 - 0x00007ffe47308000 	C:\Users\mmmma\.jdks\ms-21.0.10\bin\jli.dll
0x00007ffe472d0000 - 0x00007ffe472ee000 	C:\Users\mmmma\.jdks\ms-21.0.10\bin\VCRUNTIME140.dll
0x00007ffe4ef60000 - 0x00007ffe4f125000 	C:\WINDOWS\System32\USER32.dll
0x00007ffe4d070000 - 0x00007ffe4d097000 	C:\WINDOWS\System32\win32u.dll
0x00007ffe325b0000 - 0x00007ffe32843000 	C:\WINDOWS\WinSxS\amd64_microsoft.windows.common-controls_6595b64144ccf1df_6.0.26100.8115_none_3e075c82e3354f9c\COMCTL32.dll
0x00007ffe4dbe0000 - 0x00007ffe4dc0b000 	C:\WINDOWS\System32\GDI32.dll
0x00007ffe4c380000 - 0x00007ffe4c4aa000 	C:\WINDOWS\System32\gdi32full.dll
0x00007ffe4f130000 - 0x00007ffe4f1d9000 	C:\WINDOWS\System32\msvcrt.dll
0x00007ffe4c090000 - 0x00007ffe4c133000 	C:\WINDOWS\System32\msvcp_win.dll
0x00007ffe4d150000 - 0x00007ffe4d182000 	C:\WINDOWS\System32\IMM32.DLL
0x00007ffe493c0000 - 0x00007ffe493cc000 	C:\Users\mmmma\.jdks\ms-21.0.10\bin\vcruntime140_1.dll
0x00007ffe47240000 - 0x00007ffe472c9000 	C:\Users\mmmma\.jdks\ms-21.0.10\bin\msvcp140.dll
0x00007ffdd6440000 - 0x00007ffdd71ed000 	C:\Users\mmmma\.jdks\ms-21.0.10\bin\server\jvm.dll
0x00007ffe4e7a0000 - 0x00007ffe4e856000 	C:\WINDOWS\System32\ADVAPI32.dll
0x00007ffe4e560000 - 0x00007ffe4e607000 	C:\WINDOWS\System32\sechost.dll
0x00007ffe4dac0000 - 0x00007ffe4dbd8000 	C:\WINDOWS\System32\RPCRT4.dll
0x00007ffe4e8e0000 - 0x00007ffe4e960000 	C:\WINDOWS\System32\WS2_32.dll
0x00007ffe4baf0000 - 0x00007ffe4bb4e000 	C:\WINDOWS\SYSTEM32\POWRPROF.dll
0x00007ffe44ec0000 - 0x00007ffe44ecb000 	C:\WINDOWS\SYSTEM32\VERSION.dll
0x00007ffe44e80000 - 0x00007ffe44eb6000 	C:\WINDOWS\SYSTEM32\WINMM.dll
0x00007ffe4bad0000 - 0x00007ffe4bae4000 	C:\WINDOWS\SYSTEM32\UMPDC.dll
0x00007ffe4aa20000 - 0x00007ffe4aa3b000 	C:\WINDOWS\SYSTEM32\kernel.appcore.dll
0x00007ffe47230000 - 0x00007ffe4723a000 	C:\Users\mmmma\.jdks\ms-21.0.10\bin\jimage.dll
0x00007ffe3efd0000 - 0x00007ffe3f212000 	C:\WINDOWS\SYSTEM32\DBGHELP.DLL
0x00007ffe4d630000 - 0x00007ffe4d9b2000 	C:\WINDOWS\System32\combase.dll
0x00007ffe4e6a0000 - 0x00007ffe4e777000 	C:\WINDOWS\System32\OLEAUT32.dll
0x00007ffe2e4e0000 - 0x00007ffe2e51b000 	C:\WINDOWS\SYSTEM32\dbgcore.DLL
0x00007ffe4d0a0000 - 0x00007ffe4d145000 	C:\WINDOWS\System32\bcryptPrimitives.dll
0x00007ffe471f0000 - 0x00007ffe47200000 	C:\Users\mmmma\.jdks\ms-21.0.10\bin\instrument.dll
0x00007ffe47200000 - 0x00007ffe47221000 	C:\Users\mmmma\.jdks\ms-21.0.10\bin\java.dll
0x00007ffe4ddf0000 - 0x00007ffe4e556000 	C:\WINDOWS\System32\SHELL32.dll
0x00007ffe4cf00000 - 0x00007ffe4d06a000 	C:\WINDOWS\System32\wintypes.dll
0x00007ffe4c4b0000 - 0x00007ffe4cd15000 	C:\WINDOWS\System32\windows.storage.dll
0x00007ffe4d9c0000 - 0x00007ffe4dab7000 	C:\WINDOWS\System32\SHCORE.dll
0x00007ffe4e870000 - 0x00007ffe4e8d6000 	C:\WINDOWS\System32\shlwapi.dll
0x00007ffe4bbb0000 - 0x00007ffe4bbd9000 	C:\WINDOWS\SYSTEM32\profapi.dll
0x00007ffdf2dc0000 - 0x00007ffdf2e96000 	C:\Users\mmmma\.jdks\ms-21.0.10\bin\jsvml.dll
0x00007ffe1c4c0000 - 0x00007ffe1c4d8000 	C:\Users\mmmma\.jdks\ms-21.0.10\bin\zip.dll
0x00007ffe471d0000 - 0x00007ffe471e1000 	C:\Users\mmmma\.jdks\ms-21.0.10\bin\net.dll
0x00007ffe46410000 - 0x00007ffe4653d000 	C:\WINDOWS\SYSTEM32\WINHTTP.dll
0x00007ffe4af90000 - 0x00007ffe4affc000 	C:\WINDOWS\system32\mswsock.dll
0x00007ffe471b0000 - 0x00007ffe471c6000 	C:\Users\mmmma\.jdks\ms-21.0.10\bin\nio.dll
0x00007ffe14080000 - 0x00007ffe1409a000 	C:\Program Files\JetBrains\IntelliJ IDEA Community Edition 2024.2.3\bin\breakgen64.dll
0x00007ffe462a0000 - 0x00007ffe462a9000 	C:\Users\mmmma\.jdks\ms-21.0.10\bin\extnet.dll

JVMTI agents:
C:\Program Files\JetBrains\IntelliJ IDEA Community Edition 2024.2.3\lib\idea_rt.jar path:C:\Users\mmmma\.jdks\ms-21.0.10\bin\instrument.dll, loaded, initialized, instrumentlib options:57063:C:\Program Files\JetBrains\IntelliJ IDEA Community Edition 2024.2.3\bin

dbghelp: loaded successfully - version: 4.0.5 - missing functions: none
symbol engine: initialized successfully - sym options: 0x614 - pdb path: .;C:\Users\mmmma\.jdks\ms-21.0.10\bin;C:\WINDOWS\SYSTEM32;C:\WINDOWS\WinSxS\amd64_microsoft.windows.common-controls_6595b64144ccf1df_6.0.26100.8115_none_3e075c82e3354f9c;C:\Users\mmmma\.jdks\ms-21.0.10\bin\server;C:\Program Files\JetBrains\IntelliJ IDEA Community Edition 2024.2.3\bin

VM Arguments:
jvm_args: -javaagent:C:\Program Files\JetBrains\IntelliJ IDEA Community Edition 2024.2.3\lib\idea_rt.jar=57063:C:\Program Files\JetBrains\IntelliJ IDEA Community Edition 2024.2.3\bin -Dfile.encoding=UTF-8 -Dsun.stdout.encoding=UTF-8 -Dsun.stderr.encoding=UTF-8 
java_command: com.homeenergy.user_service.UserServiceApplication
java_class_path (initial): C:\Users\mmmma\Desktop\home-energy-tracker\user-service\target\classes;C:\Users\mmmma\.m2\repository\org\springframework\boot\spring-boot-starter-data-jpa\3.5.13\spring-boot-starter-data-jpa-3.5.13.jar;C:\Users\mmmma\.m2\repository\org\springframework\boot\spring-boot-starter\3.5.13\spring-boot-starter-3.5.13.jar;C:\Users\mmmma\.m2\repository\org\springframework\boot\spring-boot\3.5.13\spring-boot-3.5.13.jar;C:\Users\mmmma\.m2\repository\org\springframework\boot\spring-boot-autoconfigure\3.5.13\spring-boot-autoconfigure-3.5.13.jar;C:\Users\mmmma\.m2\repository\org\springframework\boot\spring-boot-starter-logging\3.5.13\spring-boot-starter-logging-3.5.13.jar;C:\Users\mmmma\.m2\repository\ch\qos\logback\logback-classic\1.5.32\logback-classic-1.5.32.jar;C:\Users\mmmma\.m2\repository\ch\qos\logback\logback-core\1.5.32\logback-core-1.5.32.jar;C:\Users\mmmma\.m2\repository\org\apache\logging\log4j\log4j-to-slf4j\2.24.3\log4j-to-slf4j-2.24.3.jar;C:\Users\mmmma\.m2\repository\org\apache\logging\log4j\log4j-api\2.24.3\log4j-api-2.24.3.jar;C:\Users\mmmma\.m2\repository\org\slf4j\jul-to-slf4j\2.0.17\jul-to-slf4j-2.0.17.jar;C:\Users\mmmma\.m2\repository\jakarta\annotation\jakarta.annotation-api\2.1.1\jakarta.annotation-api-2.1.1.jar;C:\Users\mmmma\.m2\repository\org\yaml\snakeyaml\2.4\snakeyaml-2.4.jar;C:\Users\mmmma\.m2\repository\org\springframework\boot\spring-boot-starter-jdbc\3.5.13\spring-boot-starter-jdbc-3.5.13.jar;C:\Users\mmmma\.m2\repository\com\zaxxer\HikariCP\6.3.3\HikariCP-6.3.3.jar;C:\Users\mmmma\.m2\repository\org\springframework\spring-jdbc\6.2.17\spring-jdbc-6.2.17.jar;C:\Users\mmmma\.m2\repository\org\hibernate\orm\hibernate-core\6.6.45.Final\hibernate-core-6.6.45.Final.jar;C:\Users\mmmma\.m2\repository\jakarta\persistence\jakarta.persistence-api\3.1.0\jakarta.persistence-api-3.1.0.jar;C:\Users\mmmma\.m2\repository\jakarta\transaction\jakarta.transaction-api\2.0.1\jakarta.transaction-api-2.0.1.jar;C:\Users\mmmma\.m2\repository\org\jboss\logging\jboss-logging\3.6.3.Final\jboss-logging-3.6.3.Final.jar;C:\Users\mmmma\.m2\repository\org\hibernate\common\hibernate-commons-annotations\7.0.3.Final\hibernate-commons-annotations-7.0.3.Final.jar;C:\Users\mmmma\.m2\repository\io\smallrye\jandex\3.2.0\jandex-3.2.0.jar;C:\Users\mmmma\.m2\repository\com\fasterxml\classmate\1.7.3\classmate-1.7.3.jar;C:\Users\mmmma\.m2\repository\net\bytebuddy\byte-buddy\1.17.8\byte-buddy-1.17.8.jar;C:\Users\mmmma\.m2\repository\org\glassfish\jaxb\jaxb-runtime\4.0.6\jaxb-runtime-4.0.6.jar;C:\Users\mmmma\.m2\repository\org\glassfish\jaxb\jaxb-core\4.0.6\jaxb-core-4.0.6.jar;C:\Users\mmmma\.m2\repository\org\eclipse\angus\angus-activation\2.0.3\angus-activation-2.0.3.jar;C:\Users\mmmma\.m2\repository\org\glassfish\jaxb\txw2\4.0.6\txw2-4.0.6.jar;C:\Users\mmmma\.m2\repository\com\sun\istack\istack-commons-runtime\4.1.2\istack-commons-runtime-4.1.2.jar;C:\Users\mmmma\.m2\repository\jakarta\inject\jakarta.inject-api\2.0.1\jakarta.inject-api-2.0.1.jar;C:\Users\mmmma\.m2\repository\org\antlr\antlr4-runtime\4.13.0\antlr4-runtime-4.13.0.jar;C:\Users\mmmma\.m2\repository\org\springframework\data\spring-data-jpa\3.5.10\spring-data-jpa-3.5.10.jar;C:\Users\mmmma\.m2\repository\org\springframework\data\spring-data-commons\3.5.10\spring-data-commons-3.5.10.jar;C:\Users\mmmma\.m2\repository\org\springframework\spring-orm\6.2.17\spring-orm-6.2.17.jar;C:\Users\mmmma\.m2\repository\org\springframework\spring-context\6.2.17\spring-context-6.2.17.jar;C:\Users\mmmma\.m2\repository\org\springframework\spring-aop\6.2.17\spring-aop-6.2.17.jar;C:\Users\mmmma\.m2\repository\org\springframework\spring-tx\6.2.17\spring-tx-6.2.17.jar;C:\Users\mmmma\.m2\repository\org\springframework\spring-beans\6.2.17\spring-beans-6.2.17.jar;C:\Users\mmmma\.m2\repository\org\slf4j\slf4j-api\2.0.17\slf4j-api-2.0.17.jar;C:\Users\mmmma\.m2\repository\org\springframework\spring-aspects\6.2.17\spring-aspects-6.2.17.jar;C:\Users\mmmma\.m2\repository\org\aspectj\aspectjweaver\1.9.25.1\aspectjweaver-1.9.25.1.jar;C:\Users\mmmma\.m2\repository\org\springframework\boot\spring-boot-starter-web\3.5.13\spring-boot-starter-web-3.5.13.jar;C:\Users\mmmma\.m2\repository\org\springframework\boot\spring-boot-starter-json\3.5.13\spring-boot-starter-json-3.5.13.jar;C:\Users\mmmma\.m2\repository\com\fasterxml\jackson\core\jackson-databind\2.21.2\jackson-databind-2.21.2.jar;C:\Users\mmmma\.m2\repository\com\fasterxml\jackson\datatype\jackson-datatype-jdk8\2.21.2\jackson-datatype-jdk8-2.21.2.jar;C:\Users\mmmma\.m2\repository\com\fasterxml\jackson\module\jackson-module-parameter-names\2.21.2\jackson-module-parameter-names-2.21.2.jar;C:\Users\mmmma\.m2\repository\org\springframework\boot\spring-boot-starter-tomcat\3.5.13\spring-boot-starter-tomcat-3.5.13.jar;C:\Users\mmmma\.m2\repository\org\apache\tomcat\embed\tomcat-embed-core\10.1.53\tomcat-embed-core-10.1.53.jar;C:\Users\mmmma\.m2\repository\org\apache\tomcat\embed\tomcat-embed-el\10.1.53\tomcat-embed-el-10.1.53.jar;C:\Users\mmmma\.m2\repository\org\apache\tomcat\embed\tomcat-embed-websocket\10.1.53\tomcat-embed-websocket-10.1.53.jar;C:\Users\mmmma\.m2\repository\org\springframework\spring-web\6.2.17\spring-web-6.2.17.jar;C:\Users\mmmma\.m2\repository\io\micrometer\micrometer-observation\1.15.10\micrometer-observation-1.15.10.jar;C:\Users\mmmma\.m2\repository\io\micrometer\micrometer-commons\1.15.10\micrometer-commons-1.15.10.jar;C:\Users\mmmma\.m2\repository\org\springframework\spring-webmvc\6.2.17\spring-webmvc-6.2.17.jar;C:\Users\mmmma\.m2\repository\org\springframework\spring-expression\6.2.17\spring-expression-6.2.17.jar;C:\Users\mmmma\.m2\repository\org\flywaydb\flyway-core\11.7.2\flyway-core-11.7.2.jar;C:\Users\mmmma\.m2\repository\com\fasterxml\jackson\dataformat\jackson-dataformat-toml\2.21.2\jackson-dataformat-toml-2.21.2.jar;C:\Users\mmmma\.m2\repository\com\fasterxml\jackson\core\jackson-core\2.21.2\jackson-core-2.21.2.jar;C:\Users\mmmma\.m2\repository\com\fasterxml\jackson\datatype\jackson-datatype-jsr310\2.21.2\jackson-datatype-jsr310-2.21.2.jar;C:\Users\mmmma\.m2\repository\com\fasterxml\jackson\core\jackson-annotations\2.21\jackson-annotations-2.21.jar;C:\Users\mmmma\.m2\repository\org\flywaydb\flyway-mysql\11.7.2\flyway-mysql-11.7.2.jar;C:\Users\mmmma\.m2\repository\com\mysql\mysql-connector-j\9.6.0\mysql-connector-j-9.6.0.jar;C:\Users\mmmma\.m2\repository\org\projectlombok\lombok\1.18.44\lombok-1.18.44.jar;C:\Users\mmmma\.m2\repository\jakarta\xml\bind\jakarta.xml.bind-api\4.0.4\jakarta.xml.bind-api-4.0.4.jar;C:\Users\mmmma\.m2\repository\jakarta\activation\jakarta.activation-api\2.1.4\jakarta.activation-api-2.1.4.jar;C:\Users\mmmma\.m2\repository\org\springframework\spring-core\6.2.17\spring-core-6.2.17.jar;C:\Users\mmmma\.m2\repository\org\springframework\spring-jcl\6.2.17\spring-jcl-6.2.17.jar
Launcher Type: SUN_STANDARD

[Global flags]
     intx CICompilerCount                          = 4                                         {product} {ergonomic}
     uint ConcGCThreads                            = 3                                         {product} {ergonomic}
     uint G1ConcRefinementThreads                  = 10                                        {product} {ergonomic}
   size_t G1HeapRegionSize                         = 2097152                                   {product} {ergonomic}
    uintx GCDrainStackTargetSize                   = 64                                        {product} {ergonomic}
   size_t InitialHeapSize                          = 257949696                                 {product} {ergonomic}
   size_t MarkStackSize                            = 4194304                                   {product} {ergonomic}
   size_t MaxHeapSize                              = 4114612224                                {product} {ergonomic}
   size_t MaxNewSize                               = 2468347904                                {product} {ergonomic}
   size_t MinHeapDeltaBytes                        = 2097152                                   {product} {ergonomic}
   size_t MinHeapSize                              = 8388608                                   {product} {ergonomic}
    uintx NonNMethodCodeHeapSize                   = 5839372                                {pd product} {ergonomic}
    uintx NonProfiledCodeHeapSize                  = 122909434                              {pd product} {ergonomic}
    uintx ProfiledCodeHeapSize                     = 122909434                              {pd product} {ergonomic}
    uintx ReservedCodeCacheSize                    = 251658240                              {pd product} {ergonomic}
     bool SegmentedCodeCache                       = true                                      {product} {ergonomic}
   size_t SoftMaxHeapSize                          = 4114612224                             {manageable} {ergonomic}
     bool UseCompressedOops                        = true                           {product lp64_product} {ergonomic}
     bool UseG1GC                                  = true                                      {product} {ergonomic}
     bool UseLargePagesIndividualAllocation        = false                                  {pd product} {ergonomic}

Logging:
Log output configuration:
 #0: stdout all=warning uptime,level,tags foldmultilines=false
 #1: stderr all=off uptime,level,tags foldmultilines=false

Release file:
IMPLEMENTOR="Microsoft" 
IMPLEMENTOR_VERSION="Microsoft-13106404" 
JAVA_RUNTIME_VERSION="21.0.10+7-LTS" 
JAVA_VERSION="21.0.10" 
JAVA_VERSION_DATE="2026-01-20" 
LIBC="default" 
MODULES="java.base java.compiler java.datatransfer java.xml java.prefs java.desktop java.instrument java.logging java.management java.security.sasl java.naming java.rmi java.management.rmi java.net.http java.scripting java.security.jgss java.transaction.xa java.sql java.sql.rowset java.xml.crypto java.se java.smartcardio jdk.accessibility jdk.internal.jvmstat jdk.attach jdk.charsets jdk.internal.opt jdk.zipfs jdk.compiler jdk.crypto.ec jdk.crypto.cryptoki jdk.crypto.mscapi jdk.dynalink jdk.internal.ed jdk.editpad jdk.hotspot.agent jdk.httpserver jdk.incubator.vector jdk.internal.le jdk.internal.vm.ci jdk.internal.vm.compiler jdk.internal.vm.compiler.management jdk.jartool jdk.javadoc jdk.jcmd jdk.management jdk.management.agent jdk.jconsole jdk.jdeps jdk.jdwp.agent jdk.jdi jdk.jfr jdk.jlink jdk.jpackage jdk.jshell jdk.jsobject jdk.jstatd jdk.localedata jdk.management.jfr jdk.naming.dns jdk.naming.rmi jdk.net jdk.nio.mapmode jdk.random jdk.sctp jdk.security.auth jdk.security.jgss jdk.unsupported jdk.unsupported.desktop jdk.xml.dom" 
OS_ARCH="x86_64" 
OS_NAME="Windows" 
SOURCE=".:git:e69b6ef7382e" 

Environment Variables:
JAVA_HOME=C:\Program Files\Java\jdk-25.0.2
PATH=C:\Program Files\Common Files\Oracle\Java\javapath;C:\windows\system32;C:\windows;C:\windows\System32\Wbem;C:\windows\System32\WindowsPowerShell\v1.0\;C:\windows\System32\OpenSSH\;C:\Program Files\HP\HP One Agent;C:\Program Files\Git\cmd;C:\Users\mmmma\apache-maven-3.9.9\bin;C:\WINDOWS\system32;C:\WINDOWS;C:\WINDOWS\System32\Wbem;C:\WINDOWS\System32\WindowsPowerShell\v1.0\;C:\WINDOWS\System32\OpenSSH\;C:\Program Files\Microsoft SQL Server\150\Tools\Binn\;C:\Program Files\PostgreSQL\17\bin;C:\Program Files\MySQL\MySQL Server 8.0\bin;C:\Program Files\Docker\Docker\resources\bin;C:\Program Files\nodejs\;C:\Program Files\Java\jdk-25.0.2\bin;C:\Users\mmmma\AppData\Local\Programs\Python\Python314\Scripts\;C:\Users\mmmma\AppData\Local\Programs\Python\Python314\;C:\Users\mmmma\AppData\Local\Programs\Python\Launcher\;C:\Program Files\MySQL\MySQL Shell 8.0\bin\;C:\Users\mmmma\AppData\Local\Microsoft\WindowsApps;C:\Program Files\JetBrains\IntelliJ IDEA Community Edition 2024.2.3\bin;C:\Users\mmmma\.dotnet\tools;C:\Users\mmmma\AppData\Local\JetBrains\Toolbox\scripts;C:\Program Files\Java\jdk-25.0.2\bin;C:\Users\mmmma\AppData\Local\Programs\Microsoft VS Code\bin;C:\Users\mmmma\AppData\Roaming\npm;C:\Program Files\heroku\bin
USERNAME=mmmma
OS=Windows_NT
PROCESSOR_IDENTIFIER=AMD64 Family 23 Model 104 Stepping 1, AuthenticAMD
TMP=C:\Users\mmmma\AppData\Local\Temp
TEMP=C:\Users\mmmma\AppData\Local\Temp




Periodic native trim disabled

---------------  S Y S T E M  ---------------

OS:
 Windows 11 , 64 bit Build 26100 (10.0.26100.8115)
OS uptime: 0 days 0:10 hours
Hyper-V role detected

CPU: total 12 (initial active 12) (12 cores per cpu, 2 threads per core) family 23 model 104 stepping 1 microcode 0x8608107, cx8, cmov, fxsr, ht, mmx, 3dnowpref, sse, sse2, sse3, ssse3, sse4a, sse4.1, sse4.2, popcnt, lzcnt, tsc, tscinvbit, avx, avx2, aes, clmul, bmi1, bmi2, adx, sha, fma, vzeroupper, clflush, clflushopt, hv, rdtscp, rdpid, f16c
Processor Information for processor 0
  Max Mhz: 2100, Current Mhz: 1988, Mhz Limit: 2100
Processor Information for processor 1
  Max Mhz: 2100, Current Mhz: 1988, Mhz Limit: 2100
Processor Information for processor 2
  Max Mhz: 2100, Current Mhz: 1988, Mhz Limit: 2100
Processor Information for processor 3
  Max Mhz: 2100, Current Mhz: 1988, Mhz Limit: 2100
Processor Information for processor 4
  Max Mhz: 2100, Current Mhz: 1988, Mhz Limit: 2100
Processor Information for processor 5
  Max Mhz: 2100, Current Mhz: 1988, Mhz Limit: 2100
Processor Information for processor 6
  Max Mhz: 2100, Current Mhz: 2100, Mhz Limit: 2100
Processor Information for processor 7
  Max Mhz: 2100, Current Mhz: 1988, Mhz Limit: 2100
Processor Information for processor 8
  Max Mhz: 2100, Current Mhz: 1988, Mhz Limit: 2100
Processor Information for processor 9
  Max Mhz: 2100, Current Mhz: 1988, Mhz Limit: 2100
Processor Information for processor 10
  Max Mhz: 2100, Current Mhz: 2100, Mhz Limit: 2100
Processor Information for processor 11
  Max Mhz: 2100, Current Mhz: 1988, Mhz Limit: 2100

Memory: 4k page, system-wide physical 15693M (1104M free)
TotalPageFile size 19789M (AvailPageFile size 1M)
current process WorkingSet (physical memory assigned to process): 96M, peak: 96M
current process commit charge ("private bytes"): 359M, peak: 360M

vm_info: OpenJDK 64-Bit Server VM (21.0.10+7-LTS) for windows-amd64 JRE (21.0.10+7-LTS), built on 2026-01-15T18:39:42Z by "MicrosoftCorporation" with MS VC++ 17.14 (VS2022)

END.
